F:\DESIGNER\PRO\C++\CAILBRATION_CAN\CAILBRATION_CAN\DEBUG\ADO.OBJ
F:\DESIGNER\PRO\C++\CAILBRATION_CAN\CAILBRATION_CAN\DEBUG\APPLAY.OBJ
F:\DESIGNER\PRO\C++\CAILBRATION_CAN\CAILBRATION_CAN\DEBUG\BOOTDIALOG.OBJ
F:\DESIGNER\PRO\C++\CAILBRATION_CAN\CAILBRATION_CAN\DEBUG\CAILBRATION_BOOT.OBJ
F:\DESIGNER\PRO\C++\CAILBRATION_CAN\CAILBRATION_CAN\DEBUG\CAILBRATION_CAN.OBJ
F:\DESIGNER\PRO\C++\CAILBRATION_CAN\CAILBRATION_CAN\DEBUG\CAILBRATION_CAN.RES
F:\Designer\Pro\C++\Cailbration_CAN\Cailbration_CAN\Debug\Cailbration_CAN.vcxprojResolveAssemblyReference.cache
F:\DESIGNER\PRO\C++\CAILBRATION_CAN\CAILBRATION_CAN\DEBUG\CAILBRATION_CANDLG.OBJ
F:\DESIGNER\PRO\C++\CAILBRATION_CAN\CAILBRATION_CAN\DEBUG\CANSETDIALOG.OBJ
F:\DESIGNER\PRO\C++\CAILBRATION_CAN\CAILBRATION_CAN\DEBUG\CHECKDIALOG.OBJ
F:\Designer\Pro\C++\Cailbration_CAN\Cailbration_CAN\Debug\cl.command.1.tlog
F:\Designer\Pro\C++\Cailbration_CAN\Cailbration_CAN\Debug\CL.read.1.tlog
F:\Designer\Pro\C++\Cailbration_CAN\Cailbration_CAN\Debug\CL.write.1.tlog
F:\DESIGNER\PRO\C++\CAILBRATION_CAN\CAILBRATION_CAN\DEBUG\DATATOGRID.OBJ
F:\DESIGNER\PRO\C++\CAILBRATION_CAN\CAILBRATION_CAN\DEBUG\DEALSTRING.OBJ
F:\DESIGNER\PRO\C++\CAILBRATION_CAN\CAILBRATION_CAN\DEBUG\DIALOGCONFIRM1.OBJ
F:\DESIGNER\PRO\C++\CAILBRATION_CAN\CAILBRATION_CAN\DEBUG\DOMODALDLG.OBJ
F:\DESIGNER\PRO\C++\CAILBRATION_CAN\CAILBRATION_CAN\DEBUG\DRAGEDIT.OBJ
F:\DESIGNER\PRO\C++\CAILBRATION_CAN\CAILBRATION_CAN\DEBUG\EDITHEXINPUT.OBJ
F:\DESIGNER\PRO\C++\CAILBRATION_CAN\CAILBRATION_CAN\DEBUG\EEPROMDIALOG1.OBJ
F:\DESIGNER\PRO\C++\CAILBRATION_CAN\CAILBRATION_CAN\DEBUG\EEPROMSETFORPROJECT.OBJ
F:\DESIGNER\PRO\C++\CAILBRATION_CAN\CAILBRATION_CAN\DEBUG\GRIDCELL.OBJ
F:\DESIGNER\PRO\C++\CAILBRATION_CAN\CAILBRATION_CAN\DEBUG\GRIDCELLBASE.OBJ
F:\DESIGNER\PRO\C++\CAILBRATION_CAN\CAILBRATION_CAN\DEBUG\GRIDCTRL.OBJ
F:\DESIGNER\PRO\C++\CAILBRATION_CAN\CAILBRATION_CAN\DEBUG\GRIDDROPTARGET.OBJ
F:\DESIGNER\PRO\C++\CAILBRATION_CAN\CAILBRATION_CAN\DEBUG\INPLACEEDIT.OBJ
F:\DESIGNER\PRO\C++\CAILBRATION_CAN\CAILBRATION_CAN\DEBUG\KEAPC_2.EXE.EMBED.MANIFEST
F:\DESIGNER\PRO\C++\CAILBRATION_CAN\CAILBRATION_CAN\DEBUG\KEAPC_2.EXE.EMBED.MANIFEST.RES
F:\DESIGNER\PRO\C++\CAILBRATION_CAN\CAILBRATION_CAN\DEBUG\KEAPC_2.EXE.INTERMEDIATE.MANIFEST
F:\DESIGNER\PRO\C++\CAILBRATION_CAN\CAILBRATION_CAN\DEBUG\KEAPC_2.PCH
F:\Designer\Pro\C++\Cailbration_CAN\Cailbration_CAN\Debug\KEAPC_2.write.1.tlog
F:\Designer\Pro\C++\Cailbration_CAN\Cailbration_CAN\Debug\KEAPC_2_manifest.rc
F:\Designer\Pro\C++\Cailbration_CAN\Cailbration_CAN\Debug\link.4936.read.1.tlog
F:\Designer\Pro\C++\Cailbration_CAN\Cailbration_CAN\Debug\link.4936.write.1.tlog
F:\Designer\Pro\C++\Cailbration_CAN\Cailbration_CAN\Debug\link.4936-cvtres.read.1.tlog
F:\Designer\Pro\C++\Cailbration_CAN\Cailbration_CAN\Debug\link.4936-cvtres.write.1.tlog
F:\Designer\Pro\C++\Cailbration_CAN\Cailbration_CAN\Debug\link.command.1.tlog
F:\Designer\Pro\C++\Cailbration_CAN\Cailbration_CAN\Debug\link.read.1.tlog
F:\Designer\Pro\C++\Cailbration_CAN\Cailbration_CAN\Debug\link.write.1.tlog
F:\Designer\Pro\C++\Cailbration_CAN\Cailbration_CAN\Debug\link-cvtres.read.1.tlog
F:\Designer\Pro\C++\Cailbration_CAN\Cailbration_CAN\Debug\link-cvtres.write.1.tlog
F:\Designer\Pro\C++\Cailbration_CAN\Cailbration_CAN\Debug\msado15.tlh
F:\Designer\Pro\C++\Cailbration_CAN\Cailbration_CAN\Debug\msado15.tli
F:\Designer\Pro\C++\Cailbration_CAN\Cailbration_CAN\Debug\mt.command.1.tlog
F:\Designer\Pro\C++\Cailbration_CAN\Cailbration_CAN\Debug\mt.read.1.tlog
F:\Designer\Pro\C++\Cailbration_CAN\Cailbration_CAN\Debug\mt.write.1.tlog
F:\DESIGNER\PRO\C++\CAILBRATION_CAN\CAILBRATION_CAN\DEBUG\NETLAYE.OBJ
F:\DESIGNER\PRO\C++\CAILBRATION_CAN\CAILBRATION_CAN\DEBUG\PROJIECTRAM.OBJ
F:\Designer\Pro\C++\Cailbration_CAN\Cailbration_CAN\Debug\rc.command.1.tlog
F:\Designer\Pro\C++\Cailbration_CAN\Cailbration_CAN\Debug\rc.read.1.tlog
F:\Designer\Pro\C++\Cailbration_CAN\Cailbration_CAN\Debug\rc.write.1.tlog
F:\DESIGNER\PRO\C++\CAILBRATION_CAN\CAILBRATION_CAN\DEBUG\S19READ.OBJ
F:\DESIGNER\PRO\C++\CAILBRATION_CAN\CAILBRATION_CAN\DEBUG\SENDDIALOG.OBJ
F:\DESIGNER\PRO\C++\CAILBRATION_CAN\CAILBRATION_CAN\DEBUG\STDAFX.OBJ
F:\DESIGNER\PRO\C++\CAILBRATION_CAN\CAILBRATION_CAN\DEBUG\STDIOFILEEX.OBJ
F:\DESIGNER\PRO\C++\CAILBRATION_CAN\CAILBRATION_CAN\DEBUG\TESTDLG_APP.OBJ
F:\DESIGNER\PRO\C++\CAILBRATION_CAN\CAILBRATION_CAN\DEBUG\TESTLISTBOX.OBJ
F:\DESIGNER\PRO\C++\CAILBRATION_CAN\CAILBRATION_CAN\DEBUG\TIMEROUT.OBJ
F:\DESIGNER\PRO\C++\CAILBRATION_CAN\CAILBRATION_CAN\DEBUG\TITLETIP.OBJ
F:\Designer\Pro\C++\Cailbration_CAN\Cailbration_CAN\Debug\vc100.idb
F:\DESIGNER\PRO\C++\CAILBRATION_CAN\CAILBRATION_CAN\DEBUG\VC100.PDB
F:\DESIGNER\PRO\C++\CAILBRATION_CAN\DEBUG\KEAPC_2.EXE
F:\DESIGNER\PRO\C++\CAILBRATION_CAN\DEBUG\KEAPC_2.ILK
F:\DESIGNER\PRO\C++\CAILBRATION_CAN\DEBUG\KEAPC_2.PDB
