F:\DESIGNER\PRO\C++\BT_GA2.0\CAILBRATION_CAN\RELEASE\ADO.OBJ
F:\DESIGNER\PRO\C++\BT_GA2.0\CAILBRATION_CAN\RELEASE\APPLAY.OBJ
F:\DESIGNER\PRO\C++\BT_GA2.0\CAILBRATION_CAN\RELEASE\BOOTDIALOG.OBJ
F:\DESIGNER\PRO\C++\BT_GA2.0\CAILBRATION_CAN\RELEASE\BT_GA.EXE.INTERMEDIATE.MANIFEST
F:\DESIGNER\PRO\C++\BT_GA2.0\CAILBRATION_CAN\RELEASE\BT_GA.PCH
F:\Designer\Pro\C++\BT_GA2.0\Cailbration_CAN\Release\BT_GA.write.1.tlog
F:\DESIGNER\PRO\C++\BT_GA2.0\CAILBRATION_CAN\RELEASE\CAILBRATION_BOOT.OBJ
F:\DESIGNER\PRO\C++\BT_GA2.0\CAILBRATION_CAN\RELEASE\CAILBRATION_CAN.OBJ
F:\DESIGNER\PRO\C++\BT_GA2.0\CAILBRATION_CAN\RELEASE\CAILBRATION_CAN.RES
F:\DESIGNER\PRO\C++\BT_GA2.0\CAILBRATION_CAN\RELEASE\CAILBRATION_CANDLG.OBJ
F:\DESIGNER\PRO\C++\BT_GA2.0\CAILBRATION_CAN\RELEASE\CANSETDIALOG.OBJ
F:\DESIGNER\PRO\C++\BT_GA2.0\CAILBRATION_CAN\RELEASE\CHECKDIALOG.OBJ
F:\Designer\Pro\C++\BT_GA2.0\Cailbration_CAN\Release\cl.command.1.tlog
F:\Designer\Pro\C++\BT_GA2.0\Cailbration_CAN\Release\CL.read.1.tlog
F:\Designer\Pro\C++\BT_GA2.0\Cailbration_CAN\Release\CL.write.1.tlog
F:\DESIGNER\PRO\C++\BT_GA2.0\CAILBRATION_CAN\RELEASE\DATATOGRID.OBJ
F:\DESIGNER\PRO\C++\BT_GA2.0\CAILBRATION_CAN\RELEASE\DEALSTRING.OBJ
F:\DESIGNER\PRO\C++\BT_GA2.0\CAILBRATION_CAN\RELEASE\DIALOGCONFIRM1.OBJ
F:\DESIGNER\PRO\C++\BT_GA2.0\CAILBRATION_CAN\RELEASE\DOMODALDLG.OBJ
F:\DESIGNER\PRO\C++\BT_GA2.0\CAILBRATION_CAN\RELEASE\DRAGEDIT.OBJ
F:\DESIGNER\PRO\C++\BT_GA2.0\CAILBRATION_CAN\RELEASE\EDITHEXINPUT.OBJ
F:\DESIGNER\PRO\C++\BT_GA2.0\CAILBRATION_CAN\RELEASE\EEPROMDIALOG1.OBJ
F:\DESIGNER\PRO\C++\BT_GA2.0\CAILBRATION_CAN\RELEASE\EEPROMSETFORPROJECT.OBJ
F:\DESIGNER\PRO\C++\BT_GA2.0\CAILBRATION_CAN\RELEASE\GRIDCELL.OBJ
F:\DESIGNER\PRO\C++\BT_GA2.0\CAILBRATION_CAN\RELEASE\GRIDCELLBASE.OBJ
F:\DESIGNER\PRO\C++\BT_GA2.0\CAILBRATION_CAN\RELEASE\GRIDCTRL.OBJ
F:\DESIGNER\PRO\C++\BT_GA2.0\CAILBRATION_CAN\RELEASE\GRIDDROPTARGET.OBJ
F:\DESIGNER\PRO\C++\BT_GA2.0\CAILBRATION_CAN\RELEASE\INPLACEEDIT.OBJ
F:\Designer\Pro\C++\BT_GA2.0\Cailbration_CAN\Release\link.command.1.tlog
F:\Designer\Pro\C++\BT_GA2.0\Cailbration_CAN\Release\link.read.1.tlog
F:\Designer\Pro\C++\BT_GA2.0\Cailbration_CAN\Release\link.write.1.tlog
F:\Designer\Pro\C++\BT_GA2.0\Cailbration_CAN\Release\link-cvtres.read.1.tlog
F:\Designer\Pro\C++\BT_GA2.0\Cailbration_CAN\Release\link-cvtres.write.1.tlog
F:\DESIGNER\PRO\C++\BT_GA2.0\CAILBRATION_CAN\RELEASE\LOGFILE.OBJ
F:\Designer\Pro\C++\BT_GA2.0\Cailbration_CAN\Release\msado15.tlh
F:\Designer\Pro\C++\BT_GA2.0\Cailbration_CAN\Release\msado15.tli
F:\Designer\Pro\C++\BT_GA2.0\Cailbration_CAN\Release\mt.command.1.tlog
F:\Designer\Pro\C++\BT_GA2.0\Cailbration_CAN\Release\mt.read.1.tlog
F:\Designer\Pro\C++\BT_GA2.0\Cailbration_CAN\Release\mt.write.1.tlog
F:\DESIGNER\PRO\C++\BT_GA2.0\CAILBRATION_CAN\RELEASE\NETLAYE.OBJ
F:\DESIGNER\PRO\C++\BT_GA2.0\CAILBRATION_CAN\RELEASE\PROJIECTRAM.OBJ
F:\Designer\Pro\C++\BT_GA2.0\Cailbration_CAN\Release\rc.command.1.tlog
F:\Designer\Pro\C++\BT_GA2.0\Cailbration_CAN\Release\rc.read.1.tlog
F:\Designer\Pro\C++\BT_GA2.0\Cailbration_CAN\Release\rc.write.1.tlog
F:\DESIGNER\PRO\C++\BT_GA2.0\CAILBRATION_CAN\RELEASE\S19READ.OBJ
F:\DESIGNER\PRO\C++\BT_GA2.0\CAILBRATION_CAN\RELEASE\SENDDIALOG.OBJ
F:\DESIGNER\PRO\C++\BT_GA2.0\CAILBRATION_CAN\RELEASE\STDAFX.OBJ
F:\DESIGNER\PRO\C++\BT_GA2.0\CAILBRATION_CAN\RELEASE\STDIOFILEEX.OBJ
F:\DESIGNER\PRO\C++\BT_GA2.0\CAILBRATION_CAN\RELEASE\TESTDLG_APP.OBJ
F:\DESIGNER\PRO\C++\BT_GA2.0\CAILBRATION_CAN\RELEASE\TESTLISTBOX.OBJ
F:\DESIGNER\PRO\C++\BT_GA2.0\CAILBRATION_CAN\RELEASE\TIMEROUT.OBJ
F:\DESIGNER\PRO\C++\BT_GA2.0\CAILBRATION_CAN\RELEASE\TITLETIP.OBJ
F:\DESIGNER\PRO\C++\BT_GA2.0\CAILBRATION_CAN\RELEASE\VC100.PDB
F:\DESIGNER\PRO\C++\BT_GA2.0\RELEASE\BT_GA.EXE
F:\DESIGNER\PRO\C++\BT_GA2.0\RELEASE\BT_GA.EXE.MANIFEST
F:\DESIGNER\PRO\C++\BT_GA2.0\RELEASE\BT_GA.PDB
